android-app/app/build/intermediates/manifest_merge_blame_file/release/processReleaseMainManifest/manifest-merger-blame-release-report.txt
1<?xml version="1.0" encoding="utf-8"?>
2<manifest xmlns:android="http://schemas.android.com/apk/res/android"
3    package="com.ducharkha.delivery"
4    android:versionCode="1"
5    android:versionName="1.0" >
6
7    <uses-sdk
8        android:minSdkVersion="24"
9        android:targetSdkVersion="34" />
10
11    <uses-permission android:name="android.permission.INTERNET" />
11-->src/main/AndroidManifest.xml:5:5-67
11-->src/main/AndroidManifest.xml:5:22-64
12    <uses-permission android:name="android.permission.ACCESS_NETWORK_STATE" />
12-->src/main/AndroidManifest.xml:6:5-79
12-->src/main/AndroidManifest.xml:6:22-76
13
14    <queries>
14-->[com.google.androidbrowserhelper:androidbrowserhelper:2.5.0] AndroidManifest.xml:26:5-34:15
15        <intent>
15-->[com.google.androidbrowserhelper:androidbrowserhelper:2.5.0] AndroidManifest.xml:27:9-33:18
16            <action android:name="android.intent.action.VIEW" />
16-->src/main/AndroidManifest.xml:36:17-69
16-->src/main/AndroidManifest.xml:36:25-66
17
18            <category android:name="android.intent.category.BROWSABLE" />
18-->src/main/AndroidManifest.xml:38:17-78
18-->src/main/AndroidManifest.xml:38:27-75
19
20            <data android:scheme="https" />
20-->src/main/AndroidManifest.xml:40:17-85
20-->src/main/AndroidManifest.xml:40:23-45
21        </intent>
22    </queries>
23
24    <permission
24-->[androidx.core:core:1.12.0] AndroidManifest.xml:22:5-24:47
25        android:name="com.ducharkha.delivery.DYNAMIC_RECEIVER_NOT_EXPORTED_PERMISSION"
25-->[androidx.core:core:1.12.0] AndroidManifest.xml:23:9-81
26        android:protectionLevel="signature" />
26-->[androidx.core:core:1.12.0] AndroidManifest.xml:24:9-44
27
28    <uses-permission android:name="com.ducharkha.delivery.DYNAMIC_RECEIVER_NOT_EXPORTED_PERMISSION" /> <!-- Убраны ненужные native permissions - TWA использует браузерные API -->
28-->[androidx.core:core:1.12.0] AndroidManifest.xml:26:5-97
28-->[androidx.core:core:1.12.0] AndroidManifest.xml:26:22-94
29    <application
29-->src/main/AndroidManifest.xml:10:5-81:19
30        android:allowBackup="true"
30-->src/main/AndroidManifest.xml:11:9-35
31        android:appComponentFactory="androidx.core.app.CoreComponentFactory"
31-->[androidx.core:core:1.12.0] AndroidManifest.xml:28:18-86
32        android:dataExtractionRules="@xml/data_extraction_rules"
32-->src/main/AndroidManifest.xml:12:9-65
33        android:extractNativeLibs="false"
34        android:fullBackupContent="@xml/backup_rules"
34-->src/main/AndroidManifest.xml:13:9-54
35        android:icon="@mipmap/ic_launcher"
35-->src/main/AndroidManifest.xml:14:9-43
36        android:label="@string/app_name"
36-->src/main/AndroidManifest.xml:15:9-41
37        android:roundIcon="@mipmap/ic_launcher_round"
37-->src/main/AndroidManifest.xml:16:9-54
38        android:supportsRtl="true"
38-->src/main/AndroidManifest.xml:17:9-35
39        android:theme="@style/Theme.Ducharkha" >
39-->src/main/AndroidManifest.xml:18:9-47
40
41        <!-- Основная TWA Activity с использованием android-browser-helper -->
42        <activity
42-->src/main/AndroidManifest.xml:22:9-68:20
43            android:name="com.google.androidbrowserhelper.trusted.LauncherActivity"
43-->src/main/AndroidManifest.xml:23:13-84
44            android:exported="true"
44-->src/main/AndroidManifest.xml:24:13-36
45            android:label="@string/app_name"
45-->src/main/AndroidManifest.xml:25:13-45
46            android:launchMode="singleTop"
46-->src/main/AndroidManifest.xml:26:13-43
47            android:theme="@style/Theme.App.NoActionBar" >
47-->src/main/AndroidManifest.xml:27:13-57
48            <intent-filter android:autoVerify="true" >
48-->src/main/AndroidManifest.xml:29:13-32:29
48-->src/main/AndroidManifest.xml:29:28-53
49                <action android:name="android.intent.action.MAIN" />
49-->src/main/AndroidManifest.xml:30:17-69
49-->src/main/AndroidManifest.xml:30:25-66
50
51                <category android:name="android.intent.category.LAUNCHER" />
51-->src/main/AndroidManifest.xml:31:17-77
51-->src/main/AndroidManifest.xml:31:27-74
52            </intent-filter>
53
54            <!-- Intent filters для обработки веб-ссылок -->
55            <intent-filter android:autoVerify="true" >
55-->src/main/AndroidManifest.xml:35:13-41:29
55-->src/main/AndroidManifest.xml:35:28-53
56                <action android:name="android.intent.action.VIEW" />
56-->src/main/AndroidManifest.xml:36:17-69
56-->src/main/AndroidManifest.xml:36:25-66
57
58                <category android:name="android.intent.category.DEFAULT" />
58-->src/main/AndroidManifest.xml:37:17-76
58-->src/main/AndroidManifest.xml:37:27-73
59                <category android:name="android.intent.category.BROWSABLE" />
59-->src/main/AndroidManifest.xml:38:17-78
59-->src/main/AndroidManifest.xml:38:27-75
60                <!-- Production домен обновлен -->
61                <data
61-->src/main/AndroidManifest.xml:40:17-85
62                    android:host="ducharha.onrender.com"
62-->src/main/AndroidManifest.xml:40:46-82
63                    android:scheme="https" />
63-->src/main/AndroidManifest.xml:40:23-45
64            </intent-filter>
65
66            <!-- TWA метаданные -->
67            <meta-data
67-->src/main/AndroidManifest.xml:44:13-46:66
68                android:name="android.support.customtabs.trusted.DEFAULT_URL"
68-->src/main/AndroidManifest.xml:45:17-78
69                android:value="https://ducharha.onrender.com/" />
69-->src/main/AndroidManifest.xml:46:17-63
70            <meta-data
70-->src/main/AndroidManifest.xml:48:13-50:60
71                android:name="android.support.customtabs.trusted.STATUS_BAR_COLOR"
71-->src/main/AndroidManifest.xml:49:17-83
72                android:resource="@color/purple_primary" />
72-->src/main/AndroidManifest.xml:50:17-57
73            <meta-data
73-->src/main/AndroidManifest.xml:52:13-54:60
74                android:name="android.support.customtabs.trusted.NAVIGATION_BAR_COLOR"
74-->src/main/AndroidManifest.xml:53:17-87
75                android:resource="@color/purple_primary" />
75-->src/main/AndroidManifest.xml:54:17-57
76            <meta-data
76-->src/main/AndroidManifest.xml:56:13-58:62
77                android:name="android.support.customtabs.trusted.SPLASH_IMAGE_DRAWABLE"
77-->src/main/AndroidManifest.xml:57:17-88
78                android:resource="@drawable/splash_screen" />
78-->src/main/AndroidManifest.xml:58:17-59
79            <meta-data
79-->src/main/AndroidManifest.xml:60:13-62:60
80                android:name="android.support.customtabs.trusted.SPLASH_SCREEN_BACKGROUND_COLOR"
80-->src/main/AndroidManifest.xml:61:17-97
81                android:resource="@color/purple_primary" />
81-->src/main/AndroidManifest.xml:62:17-57
82            <meta-data
82-->src/main/AndroidManifest.xml:64:13-66:39
83                android:name="android.support.customtabs.trusted.SPLASH_SCREEN_FADE_OUT_DURATION"
83-->src/main/AndroidManifest.xml:65:17-98
84                android:value="300" />
84-->src/main/AndroidManifest.xml:66:17-36
85        </activity>
86
87        <!-- TWA Delegation Service для расширенных возможностей -->
88        <service
88-->src/main/AndroidManifest.xml:71:9-79:19
89            android:name="com.google.androidbrowserhelper.trusted.DelegationService"
89-->src/main/AndroidManifest.xml:72:13-85
90            android:exported="true" >
90-->src/main/AndroidManifest.xml:73:13-36
91            <intent-filter>
91-->src/main/AndroidManifest.xml:75:13-78:29
92                <action android:name="android.support.customtabs.trusted.TRUSTED_WEB_ACTIVITY_SERVICE" />
92-->src/main/AndroidManifest.xml:76:17-106
92-->src/main/AndroidManifest.xml:76:25-103
93
94                <category android:name="android.intent.category.DEFAULT" />
94-->src/main/AndroidManifest.xml:37:17-76
94-->src/main/AndroidManifest.xml:37:27-73
95            </intent-filter>
96        </service>
97
98        <provider
98-->[androidx.emoji2:emoji2:1.2.0] AndroidManifest.xml:24:9-32:20
99            android:name="androidx.startup.InitializationProvider"
99-->[androidx.emoji2:emoji2:1.2.0] AndroidManifest.xml:25:13-67
100            android:authorities="com.ducharkha.delivery.androidx-startup"
100-->[androidx.emoji2:emoji2:1.2.0] AndroidManifest.xml:26:13-68
101            android:exported="false" >
101-->[androidx.emoji2:emoji2:1.2.0] AndroidManifest.xml:27:13-37
102            <meta-data
102-->[androidx.emoji2:emoji2:1.2.0] AndroidManifest.xml:29:13-31:52
103                android:name="androidx.emoji2.text.EmojiCompatInitializer"
103-->[androidx.emoji2:emoji2:1.2.0] AndroidManifest.xml:30:17-75
104                android:value="androidx.startup" />
104-->[androidx.emoji2:emoji2:1.2.0] AndroidManifest.xml:31:17-49
105            <meta-data
105-->[androidx.lifecycle:lifecycle-process:2.6.1] AndroidManifest.xml:29:13-31:52
106                android:name="androidx.lifecycle.ProcessLifecycleInitializer"
106-->[androidx.lifecycle:lifecycle-process:2.6.1] AndroidManifest.xml:30:17-78
107                android:value="androidx.startup" />
107-->[androidx.lifecycle:lifecycle-process:2.6.1] AndroidManifest.xml:31:17-49
108            <meta-data
108-->[androidx.profileinstaller:profileinstaller:1.3.0] AndroidManifest.xml:29:13-31:52
109                android:name="androidx.profileinstaller.ProfileInstallerInitializer"
109-->[androidx.profileinstaller:profileinstaller:1.3.0] AndroidManifest.xml:30:17-85
110                android:value="androidx.startup" />
110-->[androidx.profileinstaller:profileinstaller:1.3.0] AndroidManifest.xml:31:17-49
111        </provider>
112
113        <receiver
113-->[androidx.profileinstaller:profileinstaller:1.3.0] AndroidManifest.xml:34:9-52:20
114            android:name="androidx.profileinstaller.ProfileInstallReceiver"
114-->[androidx.profileinstaller:profileinstaller:1.3.0] AndroidManifest.xml:35:13-76
115            android:directBootAware="false"
115-->[androidx.profileinstaller:profileinstaller:1.3.0] AndroidManifest.xml:36:13-44
116            android:enabled="true"
116-->[androidx.profileinstaller:profileinstaller:1.3.0] AndroidManifest.xml:37:13-35
117            android:exported="true"
117-->[androidx.profileinstaller:profileinstaller:1.3.0] AndroidManifest.xml:38:13-36
118            android:permission="android.permission.DUMP" >
118-->[androidx.profileinstaller:profileinstaller:1.3.0] AndroidManifest.xml:39:13-57
119            <intent-filter>
119-->[androidx.profileinstaller:profileinstaller:1.3.0] AndroidManifest.xml:40:13-42:29
120                <action android:name="androidx.profileinstaller.action.INSTALL_PROFILE" />
120-->[androidx.profileinstaller:profileinstaller:1.3.0] AndroidManifest.xml:41:17-91
120-->[androidx.profileinstaller:profileinstaller:1.3.0] AndroidManifest.xml:41:25-88
121            </intent-filter>
122            <intent-filter>
122-->[androidx.profileinstaller:profileinstaller:1.3.0] AndroidManifest.xml:43:13-45:29
123                <action android:name="androidx.profileinstaller.action.SKIP_FILE" />
123-->[androidx.profileinstaller:profileinstaller:1.3.0] AndroidManifest.xml:44:17-85
123-->[androidx.profileinstaller:profileinstaller:1.3.0] AndroidManifest.xml:44:25-82
124            </intent-filter>
125            <intent-filter>
125-->[androidx.profileinstaller:profileinstaller:1.3.0] AndroidManifest.xml:46:13-48:29
126                <action android:name="androidx.profileinstaller.action.SAVE_PROFILE" />
126-->[androidx.profileinstaller:profileinstaller:1.3.0] AndroidManifest.xml:47:17-88
126-->[androidx.profileinstaller:profileinstaller:1.3.0] AndroidManifest.xml:47:25-85
127            </intent-filter>
128            <intent-filter>
128-->[androidx.profileinstaller:profileinstaller:1.3.0] AndroidManifest.xml:49:13-51:29
129                <action android:name="androidx.profileinstaller.action.BENCHMARK_OPERATION" />
129-->[androidx.profileinstaller:profileinstaller:1.3.0] AndroidManifest.xml:50:17-95
129-->[androidx.profileinstaller:profileinstaller:1.3.0] AndroidManifest.xml:50:25-92
130            </intent-filter>
131        </receiver>
132    </application>
133
134</manifest>